<?xml version="1.0" encoding="UTF-8"?>
<robot generator="Robot 4.1 (Python 3.9.6 on win32)" generated="20210828 13:55:33.448" rpa="false" schemaversion="2">
<suite id="s1" name="Features" source="C:\Users\rillipronti\Desktop\SISTreinamento\robot\WebAutomationRobot\test\features">
<suite id="s1-s1" name="Cadastro" source="C:\Users\rillipronti\Desktop\SISTreinamento\robot\WebAutomationRobot\test\features\cadastro.robot">
<test id="s1-s1-t1" name="Cenario: Validar Cadastro com sucesso">
<kw name="Abrir sessão" library="setup" type="SETUP">
<kw name="Open Browser" library="SeleniumLibrary">
<arg>${CONFIG.URL}</arg>
<arg>${CONFIG.NAVEGADOR}</arg>
<doc>Opens a new browser instance to the optional ``url``.</doc>
<msg timestamp="20210828 13:55:33.867" level="INFO">Opening browser 'chrome' to base url 'http://automationpractice.com/index.php'.</msg>
<status status="PASS" starttime="20210828 13:55:33.864" endtime="20210828 13:55:38.204"/>
</kw>
<kw name="Set Selenium Timeout" library="SeleniumLibrary">
<arg>${CONFIG.TIMEOUT}</arg>
<doc>Sets the timeout that is used by various keywords.</doc>
<status status="PASS" starttime="20210828 13:55:38.204" endtime="20210828 13:55:38.207"/>
</kw>
<kw name="Maximize Browser Window" library="SeleniumLibrary">
<doc>Maximizes current browser window.</doc>
<status status="PASS" starttime="20210828 13:55:38.207" endtime="20210828 13:55:38.335"/>
</kw>
<status status="PASS" starttime="20210828 13:55:33.864" endtime="20210828 13:55:38.335"/>
</kw>
<kw name="Dado que o cliente esteja na tela inicial da aplicação" library="home_kws">
<kw name="Wait Until Element Is Visible" library="SeleniumLibrary">
<arg>${HOME.BOTAO_SIGNIN}</arg>
<doc>Waits until the element ``locator`` is visible.</doc>
<status status="PASS" starttime="20210828 13:55:38.336" endtime="20210828 13:55:38.368"/>
</kw>
<status status="PASS" starttime="20210828 13:55:38.335" endtime="20210828 13:55:38.368"/>
</kw>
<kw name="E acessar a tela de Login" library="home_kws">
<kw name="Wait Until Element Is Visible" library="SeleniumLibrary">
<arg>${HOME.BOTAO_SIGNIN}</arg>
<doc>Waits until the element ``locator`` is visible.</doc>
<status status="PASS" starttime="20210828 13:55:38.369" endtime="20210828 13:55:38.408"/>
</kw>
<kw name="Click Element" library="SeleniumLibrary">
<arg>${HOME.BOTAO_SIGNIN}</arg>
<doc>Click the element identified by ``locator``.</doc>
<msg timestamp="20210828 13:55:38.410" level="INFO">Clicking element '//a[@class='login']'.</msg>
<status status="PASS" starttime="20210828 13:55:38.409" endtime="20210828 13:55:39.794"/>
</kw>
<status status="PASS" starttime="20210828 13:55:38.368" endtime="20210828 13:55:39.794"/>
</kw>
<kw name="E acessar a tela de cadastro" library="cadastro_kws">
<kw name="Wait Until Element Is Visible" library="SeleniumLibrary">
<arg>${LOGIN.INPUT_EMAIL_CADASTRO}</arg>
<doc>Waits until the element ``locator`` is visible.</doc>
<status status="PASS" starttime="20210828 13:55:39.796" endtime="20210828 13:55:39.822"/>
</kw>
<kw name="FakerLibrary.Email">
<var>${NOVO_EMAIL}</var>
<msg timestamp="20210828 13:55:39.827" level="FAIL">No keyword with name 'FakerLibrary.Email' found.</msg>
<status status="FAIL" starttime="20210828 13:55:39.826" endtime="20210828 13:55:39.827"/>
</kw>
<kw name="Input Text" library="SeleniumLibrary">
<arg>${LOGIN.INPUT_EMAIL_CADASTRO}</arg>
<arg>${NOVO_EMAIL}</arg>
<doc>Types the given ``text`` into the text field identified by ``locator``.</doc>
<status status="NOT RUN" starttime="20210828 13:55:39.828" endtime="20210828 13:55:39.828"/>
</kw>
<kw name="Click Element" library="SeleniumLibrary">
<arg>${LOGIN.BOTAO_CREATE}</arg>
<doc>Click the element identified by ``locator``.</doc>
<status status="NOT RUN" starttime="20210828 13:55:39.828" endtime="20210828 13:55:39.829"/>
</kw>
<status status="FAIL" starttime="20210828 13:55:39.795" endtime="20210828 13:55:39.829"/>
</kw>
<kw name="Encerrar sessão" library="setup" type="TEARDOWN">
<kw name="Capture Page Screenshot" library="SeleniumLibrary">
<doc>Takes a screenshot of the current page and embeds it into a log file.</doc>
<msg timestamp="20210828 13:55:39.975" level="INFO" html="true">&lt;/td&gt;&lt;/tr&gt;&lt;tr&gt;&lt;td colspan="3"&gt;&lt;a href="selenium-screenshot-23.png"&gt;&lt;img src="selenium-screenshot-23.png" width="800px"&gt;&lt;/a&gt;</msg>
<status status="PASS" starttime="20210828 13:55:39.831" endtime="20210828 13:55:39.975"/>
</kw>
<kw name="Close Browser" library="SeleniumLibrary">
<doc>Closes the current browser.</doc>
<status status="PASS" starttime="20210828 13:55:39.975" endtime="20210828 13:55:42.208"/>
</kw>
<status status="PASS" starttime="20210828 13:55:39.830" endtime="20210828 13:55:42.209"/>
</kw>
<tag>CADASTRO</tag>
<tag>POSITIVO</tag>
<status status="FAIL" starttime="20210828 13:55:33.863" endtime="20210828 13:55:42.210">No keyword with name 'FakerLibrary.Email' found.</status>
</test>
<status status="FAIL" starttime="20210828 13:55:33.468" endtime="20210828 13:55:42.215"/>
</suite>
<status status="FAIL" starttime="20210828 13:55:33.448" endtime="20210828 13:55:42.221"/>
</suite>
<statistics>
<total>
<stat pass="0" fail="1" skip="0">All Tests</stat>
</total>
<tag>
<stat pass="0" fail="1" skip="0">CADASTRO</stat>
<stat pass="0" fail="1" skip="0">POSITIVO</stat>
</tag>
<suite>
<stat pass="0" fail="1" skip="0" id="s1" name="Features">Features</stat>
<stat pass="0" fail="1" skip="0" id="s1-s1" name="Cadastro">Features.Cadastro</stat>
</suite>
</statistics>
<errors>
<msg timestamp="20210828 13:55:33.840" level="ERROR">Error in file 'C:\Users\rillipronti\Desktop\SISTreinamento\robot\WebAutomationRobot\src\config\package.resource' on line 6: Initializing library 'FakerLibrary' with arguments [ locale:pt_br ] failed: AttributeError: Invalid configuration for faker locale `locale:pt_br`
Traceback (most recent call last):
  File "c:\users\rillipronti\appdata\local\programs\python\python39\lib\site-packages\FakerLibrary\keywords.py", line 42, in __init__
    self._fake = faker.factory.Factory.create(locale, providers)
  File "c:\users\rillipronti\appdata\local\programs\python\python39\lib\site-packages\faker\factory.py", line 42, in create
    raise AttributeError(msg)</msg>
</errors>
</robot>
