<?xml version="1.0" encoding="UTF-8"?>
<robot generator="Robot 4.1 (Python 3.9.6 on win32)" generated="20210828 10:33:49.150" rpa="false" schemaversion="2">
<suite id="s1" name="Login" source="C:\Users\rillipronti\Desktop\SISTreinamento\robot\WebAutomationRobot\test\features\login.robot">
<test id="s1-t1" name="Cenario: Login com credenciais inválidas">
<kw name="Abrir sessão" library="setup" type="SETUP">
<kw name="Open Browser" library="SeleniumLibrary">
<arg>http://automationpractice.com/index.php</arg>
<arg>chrome</arg>
<doc>Opens a new browser instance to the optional ``url``.</doc>
<msg timestamp="20210828 10:33:49.341" level="INFO">Opening browser 'chrome' to base url 'http://automationpractice.com/index.php'.</msg>
<status status="PASS" starttime="20210828 10:33:49.341" endtime="20210828 10:33:53.818"/>
</kw>
<kw name="Set Selenium Timeout" library="SeleniumLibrary">
<arg>60</arg>
<doc>Sets the timeout that is used by various keywords.</doc>
<status status="PASS" starttime="20210828 10:33:53.818" endtime="20210828 10:33:53.819"/>
</kw>
<kw name="Maximize Browser Window" library="SeleniumLibrary">
<doc>Maximizes current browser window.</doc>
<status status="PASS" starttime="20210828 10:33:53.820" endtime="20210828 10:33:53.938"/>
</kw>
<status status="PASS" starttime="20210828 10:33:49.340" endtime="20210828 10:33:53.938"/>
</kw>
<kw name="Dado que o cliente esteja na tela inicial da aplicação" library="home_kws">
<kw name="Wait Until Element Is Visible" library="SeleniumLibrary">
<arg>${HOME.BOTAO_SIGNIN}</arg>
<doc>Waits until the element ``locator`` is visible.</doc>
<status status="PASS" starttime="20210828 10:33:53.939" endtime="20210828 10:33:53.986"/>
</kw>
<status status="PASS" starttime="20210828 10:33:53.938" endtime="20210828 10:33:53.986"/>
</kw>
<kw name="E acessar a tela de Login" library="home_kws">
<kw name="Wait Until Element Is Visible" library="SeleniumLibrary">
<arg>${HOME.BOTAO_SIGNIN}</arg>
<doc>Waits until the element ``locator`` is visible.</doc>
<status status="PASS" starttime="20210828 10:33:53.987" endtime="20210828 10:33:54.019"/>
</kw>
<kw name="Click Element" library="SeleniumLibrary">
<arg>${HOME.BOTAO_SIGNIN}</arg>
<doc>Click the element identified by ``locator``.</doc>
<msg timestamp="20210828 10:33:54.021" level="INFO">Clicking element '//a[@class='login']'.</msg>
<status status="PASS" starttime="20210828 10:33:54.020" endtime="20210828 10:33:55.048"/>
</kw>
<status status="PASS" starttime="20210828 10:33:53.986" endtime="20210828 10:33:55.048"/>
</kw>
<kw name="Quando inserir os dados de login" library="login_kws">
<arg>${MASSA_DADOS.LOGIN_INVALIDO.EMAIL}</arg>
<arg>${MASSA_DADOS.LOGIN_INVALIDO.SENHA}</arg>
<kw name="Wait Until Element Is Visible" library="SeleniumLibrary">
<arg>${LOGIN.INPUT_EMAIL}</arg>
<doc>Waits until the element ``locator`` is visible.</doc>
<status status="PASS" starttime="20210828 10:33:55.053" endtime="20210828 10:33:55.516"/>
</kw>
<kw name="Input Text" library="SeleniumLibrary">
<arg>${LOGIN.INPUT_EMAIL}</arg>
<arg>${EMAIL}</arg>
<doc>Types the given ``text`` into the text field identified by ``locator``.</doc>
<msg timestamp="20210828 10:33:55.517" level="INFO">Typing text 'rsadrsdrasdrs@sfayddaftasre.com' into text field '//input[@id='email']'.</msg>
<status status="PASS" starttime="20210828 10:33:55.516" endtime="20210828 10:33:55.625"/>
</kw>
<kw name="Input Text" library="SeleniumLibrary">
<arg>${LOGIN.INPUT_SENHA}</arg>
<arg>${SENHA}</arg>
<doc>Types the given ``text`` into the text field identified by ``locator``.</doc>
<msg timestamp="20210828 10:33:55.626" level="INFO">Typing text 'ysfradsa@1234' into text field '//input[@id='passwd']'.</msg>
<status status="PASS" starttime="20210828 10:33:55.625" endtime="20210828 10:33:55.730"/>
</kw>
<status status="PASS" starttime="20210828 10:33:55.049" endtime="20210828 10:33:55.730"/>
</kw>
<kw name="E clicar no elemento" library="comum_kws">
<arg>${LOGIN.BOTAO_SIGNIN}</arg>
<kw name="Wait Until Element Is Visible" library="SeleniumLibrary">
<arg>${ELEMENTO}</arg>
<doc>Waits until the element ``locator`` is visible.</doc>
<status status="PASS" starttime="20210828 10:33:55.731" endtime="20210828 10:33:55.752"/>
</kw>
<kw name="Click Element" library="SeleniumLibrary">
<arg>${ELEMENTO}</arg>
<doc>Click the element identified by ``locator``.</doc>
<msg timestamp="20210828 10:33:55.753" level="INFO">Clicking element 'SubmitLogin'.</msg>
<status status="PASS" starttime="20210828 10:33:55.752" endtime="20210828 10:33:56.759"/>
</kw>
<status status="PASS" starttime="20210828 10:33:55.730" endtime="20210828 10:33:56.759"/>
</kw>
<kw name="Então deve visualizar a mensagem" library="comum_kws">
<arg>${LOGIN.TEXTO_ERRO}</arg>
<arg>Authentication failed.</arg>
<kw name="Wait Until Element Is Visible" library="SeleniumLibrary">
<arg>${ELEMENTO}</arg>
<doc>Waits until the element ``locator`` is visible.</doc>
<status status="PASS" starttime="20210828 10:33:56.763" endtime="20210828 10:33:56.788"/>
</kw>
<kw name="Get Text" library="SeleniumLibrary">
<var>${MENSAGEM_ATUAL}</var>
<arg>${ELEMENTO}</arg>
<doc>Returns the text value of the element identified by ``locator``.</doc>
<msg timestamp="20210828 10:33:56.807" level="INFO">${MENSAGEM_ATUAL} = Authentication failed.</msg>
<status status="PASS" starttime="20210828 10:33:56.788" endtime="20210828 10:33:56.807"/>
</kw>
<kw name="Should Be Equal" library="BuiltIn">
<arg>${MENSAGEM_ATUAL}</arg>
<arg>${MENSAGEM_ESPERADA}</arg>
<doc>Fails if the given objects are unequal.</doc>
<status status="PASS" starttime="20210828 10:33:56.808" endtime="20210828 10:33:56.808"/>
</kw>
<status status="PASS" starttime="20210828 10:33:56.761" endtime="20210828 10:33:56.809"/>
</kw>
<kw name="Encerrar sessão" library="setup" type="TEARDOWN">
<kw name="Capture Page Screenshot" library="SeleniumLibrary">
<doc>Takes a screenshot of the current page and embeds it into a log file.</doc>
<msg timestamp="20210828 10:33:56.910" level="INFO" html="true">&lt;/td&gt;&lt;/tr&gt;&lt;tr&gt;&lt;td colspan="3"&gt;&lt;a href="selenium-screenshot-12.png"&gt;&lt;img src="selenium-screenshot-12.png" width="800px"&gt;&lt;/a&gt;</msg>
<status status="PASS" starttime="20210828 10:33:56.811" endtime="20210828 10:33:56.910"/>
</kw>
<kw name="Close Browser" library="SeleniumLibrary">
<doc>Closes the current browser.</doc>
<status status="PASS" starttime="20210828 10:33:56.910" endtime="20210828 10:33:59.151"/>
</kw>
<status status="PASS" starttime="20210828 10:33:56.810" endtime="20210828 10:33:59.151"/>
</kw>
<tag>LOGIN</tag>
<tag>NEGATIVO</tag>
<status status="PASS" starttime="20210828 10:33:49.337" endtime="20210828 10:33:59.151"/>
</test>
<doc>Cenários de testes relacionado ao login da aplicação.</doc>
<status status="PASS" starttime="20210828 10:33:49.150" endtime="20210828 10:33:59.157"/>
</suite>
<statistics>
<total>
<stat pass="1" fail="0" skip="0">All Tests</stat>
</total>
<tag>
<stat pass="1" fail="0" skip="0">LOGIN</stat>
<stat pass="1" fail="0" skip="0">NEGATIVO</stat>
</tag>
<suite>
<stat pass="1" fail="0" skip="0" id="s1" name="Login">Login</stat>
</suite>
</statistics>
<errors>
</errors>
</robot>
