<?xml version="1.0" encoding="UTF-8"?>
<robot generator="Robot 4.1 (Python 3.9.6 on win32)" generated="20210816 20:47:39.372" rpa="false" schemaversion="2">
<suite id="s1" name="Login" source="C:\Users\rillipronti\Desktop\SISTreinamento\robot\WebAutomationRobot\test\features\login.robot">
<test id="s1-t1" name="Cenario: Login com sucesso">
<kw name="Dado que o cliente esteja na tela inicial da aplicação" library="home_kws">
<kw name="Abrir sessão" library="setup">
<kw name="Open Browser" library="SeleniumLibrary">
<arg>http://automationpractice.com/index.php</arg>
<arg>chrome</arg>
<doc>Opens a new browser instance to the optional ``url``.</doc>
<msg timestamp="20210816 20:47:39.582" level="INFO">Opening browser 'chrome' to base url 'http://automationpractice.com/index.php'.</msg>
<status status="PASS" starttime="20210816 20:47:39.581" endtime="20210816 20:47:44.177"/>
</kw>
<kw name="Set Selenium Timeout" library="SeleniumLibrary">
<arg>60</arg>
<doc>Sets the timeout that is used by various keywords.</doc>
<status status="PASS" starttime="20210816 20:47:44.177" endtime="20210816 20:47:44.179"/>
</kw>
<kw name="Maximize Browser Window" library="SeleniumLibrary">
<doc>Maximizes current browser window.</doc>
<status status="PASS" starttime="20210816 20:47:44.180" endtime="20210816 20:47:44.343"/>
</kw>
<status status="PASS" starttime="20210816 20:47:39.581" endtime="20210816 20:47:44.344"/>
</kw>
<kw name="Wait Until Element Is Visible" library="SeleniumLibrary">
<arg>${HOME.BOTAO_SIGNIN}</arg>
<doc>Waits until the element ``locator`` is visible.</doc>
<status status="PASS" starttime="20210816 20:47:44.345" endtime="20210816 20:47:44.473"/>
</kw>
<status status="PASS" starttime="20210816 20:47:39.580" endtime="20210816 20:47:44.474"/>
</kw>
<kw name="E acessar a tela de Login" library="home_kws">
<kw name="Wait Until Element Is Visible" library="SeleniumLibrary">
<arg>${HOME.BOTAO_SIGNIN}</arg>
<doc>Waits until the element ``locator`` is visible.</doc>
<status status="PASS" starttime="20210816 20:47:44.476" endtime="20210816 20:47:44.513"/>
</kw>
<kw name="Click Element" library="SeleniumLibrary">
<arg>${HOME.BOTAO_SIGNIN}</arg>
<doc>Click the element identified by ``locator``.</doc>
<msg timestamp="20210816 20:47:44.515" level="INFO">Clicking element '//a[@class='login']'.</msg>
<status status="PASS" starttime="20210816 20:47:44.514" endtime="20210816 20:47:46.256"/>
</kw>
<status status="PASS" starttime="20210816 20:47:44.475" endtime="20210816 20:47:46.256"/>
</kw>
<kw name="Quando realizar login com sucesso" library="login_kws">
<kw name="Wait Until Element Is Visible" library="SeleniumLibrary">
<arg>${LOGIN.INPUT_EMAIL}</arg>
<doc>Waits until the element ``locator`` is visible.</doc>
<status status="PASS" starttime="20210816 20:47:46.257" endtime="20210816 20:47:46.286"/>
</kw>
<kw name="Input Text" library="SeleniumLibrary">
<arg>${LOGIN.INPUT_EMAIL}</arg>
<arg>rasafa9934@ovooovo.com</arg>
<doc>Types the given ``text`` into the text field identified by ``locator``.</doc>
<msg timestamp="20210816 20:47:46.287" level="INFO">Typing text 'rasafa9934@ovooovo.com' into text field '//input[@id='email']'.</msg>
<status status="PASS" starttime="20210816 20:47:46.286" endtime="20210816 20:47:46.418"/>
</kw>
<kw name="Input Text" library="SeleniumLibrary">
<arg>${LOGIN.INPUT_SENHA}</arg>
<arg>Teste@123</arg>
<doc>Types the given ``text`` into the text field identified by ``locator``.</doc>
<msg timestamp="20210816 20:47:46.420" level="INFO">Typing text 'Teste@123' into text field '//input[@id='passwd']'.</msg>
<status status="PASS" starttime="20210816 20:47:46.419" endtime="20210816 20:47:46.532"/>
</kw>
<kw name="Click Element" library="SeleniumLibrary">
<arg>${LOGIN.BOTAO_SIGNIN}</arg>
<doc>Click the element identified by ``locator``.</doc>
<msg timestamp="20210816 20:47:46.533" level="INFO">Clicking element 'SubmitLogin'.</msg>
<status status="PASS" starttime="20210816 20:47:46.532" endtime="20210816 20:47:48.083"/>
</kw>
<status status="PASS" starttime="20210816 20:47:46.256" endtime="20210816 20:47:48.083"/>
</kw>
<kw name="Então deve visualizar a tela de MY ACCOUNT" library="minha_conta_kws">
<kw name="Wait Until Element Is Visible" library="SeleniumLibrary">
<arg>${MINHA_CONTA.TITULO}</arg>
<doc>Waits until the element ``locator`` is visible.</doc>
<status status="PASS" starttime="20210816 20:47:48.084" endtime="20210816 20:47:48.118"/>
</kw>
<kw name="Get Text" library="SeleniumLibrary">
<var>${TITULO_ATUAL}</var>
<arg>${MINHA_CONTA.TITULO}</arg>
<doc>Returns the text value of the element identified by ``locator``.</doc>
<msg timestamp="20210816 20:47:48.137" level="INFO">${TITULO_ATUAL} = MY ACCOUNT</msg>
<status status="PASS" starttime="20210816 20:47:48.118" endtime="20210816 20:47:48.137"/>
</kw>
<kw name="Should Be Equal" library="BuiltIn">
<arg>${TITULO_ATUAL}</arg>
<arg>MY ACCOUNT</arg>
<doc>Fails if the given objects are unequal.</doc>
<status status="PASS" starttime="20210816 20:47:48.137" endtime="20210816 20:47:48.138"/>
</kw>
<status status="PASS" starttime="20210816 20:47:48.084" endtime="20210816 20:47:48.138"/>
</kw>
<kw name="Encerrar sessão" library="setup">
<kw name="Capture Page Screenshot" library="SeleniumLibrary">
<doc>Takes a screenshot of the current page and embeds it into a log file.</doc>
<msg timestamp="20210816 20:47:48.309" level="INFO" html="true">&lt;/td&gt;&lt;/tr&gt;&lt;tr&gt;&lt;td colspan="3"&gt;&lt;a href="selenium-screenshot-1.png"&gt;&lt;img src="selenium-screenshot-1.png" width="800px"&gt;&lt;/a&gt;</msg>
<status status="PASS" starttime="20210816 20:47:48.139" endtime="20210816 20:47:48.309"/>
</kw>
<kw name="Close Browser" library="SeleniumLibrary">
<doc>Closes the current browser.</doc>
<status status="PASS" starttime="20210816 20:47:48.309" endtime="20210816 20:47:50.659"/>
</kw>
<status status="PASS" starttime="20210816 20:47:48.138" endtime="20210816 20:47:50.660"/>
</kw>
<status status="PASS" starttime="20210816 20:47:39.578" endtime="20210816 20:47:50.661"/>
</test>
<doc>Cenários de testes relacionado ao login da aplicação.</doc>
<status status="PASS" starttime="20210816 20:47:39.374" endtime="20210816 20:47:50.666"/>
</suite>
<statistics>
<total>
<stat pass="1" fail="0" skip="0">All Tests</stat>
</total>
<tag>
</tag>
<suite>
<stat pass="1" fail="0" skip="0" id="s1" name="Login">Login</stat>
</suite>
</statistics>
<errors>
</errors>
</robot>
